Analysis & Synthesis report for portable_coleco
Wed Jan  3 10:35:31 2024
Quartus II 64-Bit Version 13.0.1 Build 232 06/12/2013 Service Pack 1 SJ Web Edition


---------------------
; Table of Contents ;
---------------------
  1. Legal Notice
  2. Analysis & Synthesis Summary
  3. Analysis & Synthesis Settings
  4. Parallel Compilation
  5. Analysis & Synthesis Source Files Read
  6. Analysis & Synthesis Resource Usage Summary
  7. Analysis & Synthesis Resource Utilization by Entity
  8. User-Specified and Inferred Latches
  9. Parameter Settings for Inferred Entity Instance: lpm_add_sub:Add0
 10. Analysis & Synthesis Messages



----------------
; Legal Notice ;
----------------
Copyright (C) 1991-2013 Altera Corporation
Your use of Altera Corporation's design tools, logic functions 
and other software and tools, and its AMPP partner logic 
functions, and any output files from any of the foregoing 
(including device programming or simulation files), and any 
associated documentation or information are expressly subject 
to the terms and conditions of the Altera Program License 
Subscription Agreement, Altera MegaCore Function License 
Agreement, or other applicable license agreement, including, 
without limitation, that your use is for the sole purpose of 
programming logic devices manufactured by Altera and sold by 
Altera or its authorized distributors.  Please refer to the 
applicable agreement for further details.



+-------------------------------------------------------------------------------+
; Analysis & Synthesis Summary                                                  ;
+-----------------------------+-------------------------------------------------+
; Analysis & Synthesis Status ; Successful - Wed Jan  3 10:35:31 2024           ;
; Quartus II 64-Bit Version   ; 13.0.1 Build 232 06/12/2013 SP 1 SJ Web Edition ;
; Revision Name               ; portable_coleco                                 ;
; Top-level Entity Name       ; porta_glue_coleco                               ;
; Family                      ; MAX7000S                                        ;
; Total macrocells            ; 49                                              ;
; Total pins                  ; 64                                              ;
+-----------------------------+-------------------------------------------------+


+------------------------------------------------------------------------------------------------------------------+
; Analysis & Synthesis Settings                                                                                    ;
+----------------------------------------------------------------------------+-------------------+-----------------+
; Option                                                                     ; Setting           ; Default Value   ;
+----------------------------------------------------------------------------+-------------------+-----------------+
; Device                                                                     ; EPM7064SLC84-10   ;                 ;
; Top-level entity name                                                      ; porta_glue_coleco ; portable_coleco ;
; Family name                                                                ; MAX7000S          ; Cyclone IV GX   ;
; Use smart compilation                                                      ; Off               ; Off             ;
; Enable parallel Assembler and TimeQuest Timing Analyzer during compilation ; On                ; On              ;
; Enable compact report table                                                ; Off               ; Off             ;
; Create Debugging Nodes for IP Cores                                        ; Off               ; Off             ;
; Preserve fewer node names                                                  ; On                ; On              ;
; Disable OpenCore Plus hardware evaluation                                  ; Off               ; Off             ;
; Verilog Version                                                            ; Verilog_2001      ; Verilog_2001    ;
; VHDL Version                                                               ; VHDL_1993         ; VHDL_1993       ;
; State Machine Processing                                                   ; Auto              ; Auto            ;
; Safe State Machine                                                         ; Off               ; Off             ;
; Extract Verilog State Machines                                             ; On                ; On              ;
; Extract VHDL State Machines                                                ; On                ; On              ;
; Ignore Verilog initial constructs                                          ; Off               ; Off             ;
; Iteration limit for constant Verilog loops                                 ; 5000              ; 5000            ;
; Iteration limit for non-constant Verilog loops                             ; 250               ; 250             ;
; Add Pass-Through Logic to Inferred RAMs                                    ; On                ; On              ;
; Infer RAMs from Raw Logic                                                  ; On                ; On              ;
; Parallel Synthesis                                                         ; On                ; On              ;
; NOT Gate Push-Back                                                         ; On                ; On              ;
; Power-Up Don't Care                                                        ; On                ; On              ;
; Remove Duplicate Registers                                                 ; On                ; On              ;
; Ignore CARRY Buffers                                                       ; Off               ; Off             ;
; Ignore CASCADE Buffers                                                     ; Off               ; Off             ;
; Ignore GLOBAL Buffers                                                      ; Off               ; Off             ;
; Ignore ROW GLOBAL Buffers                                                  ; Off               ; Off             ;
; Ignore LCELL Buffers                                                       ; Auto              ; Auto            ;
; Ignore SOFT Buffers                                                        ; Off               ; Off             ;
; Limit AHDL Integers to 32 Bits                                             ; Off               ; Off             ;
; Optimization Technique                                                     ; Speed             ; Speed           ;
; Allow XOR Gate Usage                                                       ; On                ; On              ;
; Auto Logic Cell Insertion                                                  ; On                ; On              ;
; Parallel Expander Chain Length                                             ; 4                 ; 4               ;
; Auto Parallel Expanders                                                    ; On                ; On              ;
; Auto Open-Drain Pins                                                       ; On                ; On              ;
; Auto Resource Sharing                                                      ; Off               ; Off             ;
; Maximum Fan-in Per Macrocell                                               ; 100               ; 100             ;
; Use LogicLock Constraints during Resource Balancing                        ; On                ; On              ;
; Ignore translate_off and synthesis_off directives                          ; Off               ; Off             ;
; Report Parameter Settings                                                  ; On                ; On              ;
; Report Source Assignments                                                  ; On                ; On              ;
; Report Connectivity Checks                                                 ; On                ; On              ;
; HDL message level                                                          ; Level2            ; Level2          ;
; Suppress Register Optimization Related Messages                            ; Off               ; Off             ;
; Number of Removed Registers Reported in Synthesis Report                   ; 5000              ; 5000            ;
; Number of Swept Nodes Reported in Synthesis Report                         ; 5000              ; 5000            ;
; Number of Inverted Registers Reported in Synthesis Report                  ; 100               ; 100             ;
; Block Design Naming                                                        ; Auto              ; Auto            ;
; Synthesis Effort                                                           ; Auto              ; Auto            ;
; Shift Register Replacement - Allow Asynchronous Clear Signal               ; On                ; On              ;
; Pre-Mapping Resynthesis Optimization                                       ; Off               ; Off             ;
; Analysis & Synthesis Message Level                                         ; Medium            ; Medium          ;
; Disable Register Merging Across Hierarchies                                ; Auto              ; Auto            ;
; Synthesis Seed                                                             ; 1                 ; 1               ;
+----------------------------------------------------------------------------+-------------------+-----------------+


+------------------------------------------+
; Parallel Compilation                     ;
+----------------------------+-------------+
; Processors                 ; Number      ;
+----------------------------+-------------+
; Number detected on machine ; 16          ;
; Maximum allowed            ; 16          ;
;                            ;             ;
; Average used               ; 1.00        ;
; Maximum used               ; 1           ;
;                            ;             ;
; Usage by Processor         ; % Time Used ;
;     Processor 1            ; 100.0%      ;
;     Processors 2-16        ;   0.0%      ;
+----------------------------+-------------+


+----------------------------------------------------------------------------------------------------------------------------------------------------------------------------------------------------------------+
; Analysis & Synthesis Source Files Read                                                                                                                                                                         ;
+--------------------------------------------+-----------------+------------------------+--------------------------------------------------------------------------------------------------------------+---------+
; File Name with User-Entered Path           ; Used in Netlist ; File Type              ; File Name with Absolute Path                                                                                 ; Library ;
+--------------------------------------------+-----------------+------------------------+--------------------------------------------------------------------------------------------------------------+---------+
; ../portable_coleco/src/porta_glue_coleco.v ; yes             ; User Verilog HDL File  ; /home/jconvertino/JDC/Electronics/Projects/portable_colecovision/src/portable_coleco/src/porta_glue_coleco.v ;         ;
; lpm_add_sub.tdf                            ; yes             ; Megafunction           ; /opt/usr/altera/web/13sp1/quartus/libraries/megafunctions/lpm_add_sub.tdf                                    ;         ;
; addcore.inc                                ; yes             ; Megafunction           ; /opt/usr/altera/web/13sp1/quartus/libraries/megafunctions/addcore.inc                                        ;         ;
; look_add.inc                               ; yes             ; Megafunction           ; /opt/usr/altera/web/13sp1/quartus/libraries/megafunctions/look_add.inc                                       ;         ;
; bypassff.inc                               ; yes             ; Megafunction           ; /opt/usr/altera/web/13sp1/quartus/libraries/megafunctions/bypassff.inc                                       ;         ;
; altshift.inc                               ; yes             ; Megafunction           ; /opt/usr/altera/web/13sp1/quartus/libraries/megafunctions/altshift.inc                                       ;         ;
; alt_stratix_add_sub.inc                    ; yes             ; Megafunction           ; /opt/usr/altera/web/13sp1/quartus/libraries/megafunctions/alt_stratix_add_sub.inc                            ;         ;
; aglobal130.inc                             ; yes             ; Megafunction           ; /opt/usr/altera/web/13sp1/quartus/libraries/megafunctions/aglobal130.inc                                     ;         ;
; addcore.tdf                                ; yes             ; Megafunction           ; /opt/usr/altera/web/13sp1/quartus/libraries/megafunctions/addcore.tdf                                        ;         ;
; a_csnbuffer.inc                            ; yes             ; Megafunction           ; /opt/usr/altera/web/13sp1/quartus/libraries/megafunctions/a_csnbuffer.inc                                    ;         ;
; a_csnbuffer.tdf                            ; yes             ; Megafunction           ; /opt/usr/altera/web/13sp1/quartus/libraries/megafunctions/a_csnbuffer.tdf                                    ;         ;
; look_add.tdf                               ; yes             ; Megafunction           ; /opt/usr/altera/web/13sp1/quartus/libraries/megafunctions/look_add.tdf                                       ;         ;
; altshift.tdf                               ; yes             ; Megafunction           ; /opt/usr/altera/web/13sp1/quartus/libraries/megafunctions/altshift.tdf                                       ;         ;
+--------------------------------------------+-----------------+------------------------+--------------------------------------------------------------------------------------------------------------+---------+


+---------------------------------------------+
; Analysis & Synthesis Resource Usage Summary ;
+----------------------+----------------------+
; Resource             ; Usage                ;
+----------------------+----------------------+
; Logic cells          ; 49                   ;
; Total registers      ; 23                   ;
; I/O pins             ; 64                   ;
; Parallel expanders   ; 2                    ;
; Maximum fan-out node ; reset_counter[21]    ;
; Maximum fan-out      ; 23                   ;
; Total fan-out        ; 473                  ;
; Average fan-out      ; 4.19                 ;
+----------------------+----------------------+


+-------------------------------------------------------------------------------------+
; Analysis & Synthesis Resource Utilization by Entity                                 ;
+----------------------------+------------+------+---------------------+--------------+
; Compilation Hierarchy Node ; Macrocells ; Pins ; Full Hierarchy Name ; Library Name ;
+----------------------------+------------+------+---------------------+--------------+
; |porta_glue_coleco         ; 49         ; 64   ; |porta_glue_coleco  ; work         ;
+----------------------------+------------+------+---------------------+--------------+


+---------------------------------------------------------------------------------------------------+
; User-Specified and Inferred Latches                                                               ;
+----------------------------------------------------+---------------------+------------------------+
; Latch Name                                         ; Latch Enable Signal ; Free of Timing Hazards ;
+----------------------------------------------------+---------------------+------------------------+
; r_ctrl_arm                                         ; WideNor0            ; yes                    ;
; r_ctrl_fire                                        ; WideNor0            ; yes                    ;
; Number of user-specified and inferred latches = 2  ;                     ;                        ;
+----------------------------------------------------+---------------------+------------------------+
Note: All latches listed above may not be present at the end of synthesis due to various synthesis optimizations.


+-------------------------------------------------------------------+
; Parameter Settings for Inferred Entity Instance: lpm_add_sub:Add0 ;
+------------------------+-------------+----------------------------+
; Parameter Name         ; Value       ; Type                       ;
+------------------------+-------------+----------------------------+
; LPM_WIDTH              ; 32          ; Untyped                    ;
; LPM_REPRESENTATION     ; UNSIGNED    ; Untyped                    ;
; LPM_DIRECTION          ; ADD         ; Untyped                    ;
; ONE_INPUT_IS_CONSTANT  ; YES         ; Untyped                    ;
; LPM_PIPELINE           ; 0           ; Untyped                    ;
; MAXIMIZE_SPEED         ; 5           ; Untyped                    ;
; REGISTERED_AT_END      ; 0           ; Untyped                    ;
; OPTIMIZE_FOR_SPEED     ; 5           ; Untyped                    ;
; USE_CS_BUFFERS         ; 1           ; Untyped                    ;
; CARRY_CHAIN            ; MANUAL      ; Untyped                    ;
; CARRY_CHAIN_LENGTH     ; 48          ; CARRY_CHAIN_LENGTH         ;
; DEVICE_FAMILY          ; MAX7000S    ; Untyped                    ;
; USE_WYS                ; OFF         ; Untyped                    ;
; STYLE                  ; FAST        ; Untyped                    ;
; CBXI_PARAMETER         ; add_sub_8ph ; Untyped                    ;
; AUTO_CARRY_CHAINS      ; ON          ; AUTO_CARRY                 ;
; IGNORE_CARRY_BUFFERS   ; OFF         ; IGNORE_CARRY               ;
; AUTO_CASCADE_CHAINS    ; ON          ; AUTO_CASCADE               ;
; IGNORE_CASCADE_BUFFERS ; OFF         ; IGNORE_CASCADE             ;
+------------------------+-------------+----------------------------+
Note: In order to hide this table in the UI and the text report file, please set the "Show Parameter Settings in Synthesis Report" option in "Analysis and Synthesis Settings -> More Settings" to "Off".


+-------------------------------+
; Analysis & Synthesis Messages ;
+-------------------------------+
Info: *******************************************************************
Info: Running Quartus II 64-Bit Analysis & Synthesis
    Info: Version 13.0.1 Build 232 06/12/2013 Service Pack 1 SJ Web Edition
    Info: Processing started: Wed Jan  3 10:35:30 2024
Info: Command: quartus_map --read_settings_files=on --write_settings_files=off portable_coleco -c portable_coleco
Info (20030): Parallel compilation is enabled and will use 16 of the 16 processors detected
Info (12021): Found 1 design units, including 1 entities, in source file /home/jconvertino/JDC/Electronics/Projects/portable_colecovision/src/portable_coleco/src/porta_glue_coleco.v
    Info (12023): Found entity 1: porta_glue_coleco
Info (12127): Elaborating entity "porta_glue_coleco" for the top level hierarchy
Warning (10235): Verilog HDL Always Construct warning at porta_glue_coleco.v(200): variable "r_ctrl_arm" is read inside the Always Construct but isn't in the Always Construct's Event Control
Warning (10235): Verilog HDL Always Construct warning at porta_glue_coleco.v(201): variable "r_ctrl_fire" is read inside the Always Construct but isn't in the Always Construct's Event Control
Info (10264): Verilog HDL Case Statement information at porta_glue_coleco.v(187): all case item expressions in this case statement are onehot
Warning (10240): Verilog HDL Always Construct warning at porta_glue_coleco.v(185): inferring latch(es) for variable "r_ctrl_arm", which holds its previous value in one or more paths through the always construct
Warning (10240): Verilog HDL Always Construct warning at porta_glue_coleco.v(185): inferring latch(es) for variable "r_ctrl_fire", which holds its previous value in one or more paths through the always construct
Info (10041): Inferred latch for "r_ctrl_fire" at porta_glue_coleco.v(185)
Info (10041): Inferred latch for "r_ctrl_arm" at porta_glue_coleco.v(185)
Info (278001): Inferred 1 megafunctions from design logic
    Info (278002): Inferred adder/subtractor megafunction ("lpm_add_sub") from the following logic: "Add0"
Info (12130): Elaborated megafunction instantiation "lpm_add_sub:Add0"
Info (12133): Instantiated megafunction "lpm_add_sub:Add0" with the following parameter:
    Info (12134): Parameter "LPM_WIDTH" = "32"
    Info (12134): Parameter "LPM_DIRECTION" = "ADD"
    Info (12134): Parameter "LPM_REPRESENTATION" = "UNSIGNED"
    Info (12134): Parameter "ONE_INPUT_IS_CONSTANT" = "YES"
Info (12131): Elaborated megafunction instantiation "lpm_add_sub:Add0|addcore:adder[3]", which is child of megafunction instantiation "lpm_add_sub:Add0"
Info (12131): Elaborated megafunction instantiation "lpm_add_sub:Add0|addcore:adder[3]|a_csnbuffer:oflow_node", which is child of megafunction instantiation "lpm_add_sub:Add0"
Info (12131): Elaborated megafunction instantiation "lpm_add_sub:Add0|addcore:adder[3]|a_csnbuffer:result_node", which is child of megafunction instantiation "lpm_add_sub:Add0"
Info (12131): Elaborated megafunction instantiation "lpm_add_sub:Add0|look_add:look_ahead_unit", which is child of megafunction instantiation "lpm_add_sub:Add0"
Info (12131): Elaborated megafunction instantiation "lpm_add_sub:Add0|altshift:result_ext_latency_ffs", which is child of megafunction instantiation "lpm_add_sub:Add0"
Info (12131): Elaborated megafunction instantiation "lpm_add_sub:Add0|altshift:carry_ext_latency_ffs", which is child of megafunction instantiation "lpm_add_sub:Add0"
Info (13014): Ignored 22 buffer(s)
    Info (13019): Ignored 22 SOFT buffer(s)
Warning (13024): Output pins are stuck at VCC or GND
    Warning (13410): Pin "TX" is stuck at GND
Info (280013): Promoted pin-driven signal(s) to global signal
    Info (280014): Promoted clock signal driven by pin "clk" to global clock signal
Warning (21074): Design contains 13 input pin(s) that do not drive logic
    Warning (15610): No output dependent on input pin "A[0]"
    Warning (15610): No output dependent on input pin "A[2]"
    Warning (15610): No output dependent on input pin "A[3]"
    Warning (15610): No output dependent on input pin "A[4]"
    Warning (15610): No output dependent on input pin "A[8]"
    Warning (15610): No output dependent on input pin "A[9]"
    Warning (15610): No output dependent on input pin "A[10]"
    Warning (15610): No output dependent on input pin "A[11]"
    Warning (15610): No output dependent on input pin "A[12]"
    Warning (15610): No output dependent on input pin "BUSAKn"
    Warning (15610): No output dependent on input pin "C1_8"
    Warning (15610): No output dependent on input pin "C2_8"
    Warning (15610): No output dependent on input pin "RX"
Info (21057): Implemented 113 device resources after synthesis - the final resource count might be different
    Info (21058): Implemented 39 input pins
    Info (21059): Implemented 25 output pins
    Info (21063): Implemented 49 macrocells
Info: Quartus II 64-Bit Analysis & Synthesis was successful. 0 errors, 20 warnings
    Info: Peak virtual memory: 568 megabytes
    Info: Processing ended: Wed Jan  3 10:35:31 2024
    Info: Elapsed time: 00:00:01
    Info: Total CPU time (on all processors): 00:00:00


