Flow report for portable_coleco
Wed Jan  3 10:35:35 2024
Quartus II 64-Bit Version 13.0.1 Build 232 06/12/2013 Service Pack 1 SJ Web Edition


---------------------
; Table of Contents ;
---------------------
  1. Legal Notice
  2. Flow Summary
  3. Flow Settings
  4. Flow Non-Default Global Settings
  5. Flow Elapsed Time
  6. Flow OS Summary
  7. Flow Log
  8. Flow Messages
  9. Flow Suppressed Messages



----------------
; Legal Notice ;
----------------
Copyright (C) 1991-2013 Altera Corporation
Your use of Altera Corporation's design tools, logic functions 
and other software and tools, and its AMPP partner logic 
functions, and any output files from any of the foregoing 
(including device programming or simulation files), and any 
associated documentation or information are expressly subject 
to the terms and conditions of the Altera Program License 
Subscription Agreement, Altera MegaCore Function License 
Agreement, or other applicable license agreement, including, 
without limitation, that your use is for the sole purpose of 
programming logic devices manufactured by Altera and sold by 
Altera or its authorized distributors.  Please refer to the 
applicable agreement for further details.



+-----------------------------------------------------------------------------+
; Flow Summary                                                                ;
+---------------------------+-------------------------------------------------+
; Flow Status               ; Successful - Wed Jan  3 10:35:35 2024           ;
; Quartus II 64-Bit Version ; 13.0.1 Build 232 06/12/2013 SP 1 SJ Web Edition ;
; Revision Name             ; portable_coleco                                 ;
; Top-level Entity Name     ; porta_glue_coleco                               ;
; Family                    ; MAX7000S                                        ;
; Device                    ; EPM7064SLC84-10                                 ;
; Timing Models             ; Final                                           ;
; Total macrocells          ; 51 / 64 ( 80 % )                                ;
; Total pins                ; 68 / 68 ( 100 % )                               ;
+---------------------------+-------------------------------------------------+


+-----------------------------------------+
; Flow Settings                           ;
+-------------------+---------------------+
; Option            ; Setting             ;
+-------------------+---------------------+
; Start date & time ; 01/03/2024 10:35:30 ;
; Main task         ; Compilation         ;
; Revision Name     ; portable_coleco     ;
+-------------------+---------------------+


+-------------------------------------------------------------------------------------------------------------+
; Flow Non-Default Global Settings                                                                            ;
+--------------------------+---------------------------------+-----------------+-------------+----------------+
; Assignment Name          ; Value                           ; Default Value   ; Entity Name ; Section Id     ;
+--------------------------+---------------------------------+-----------------+-------------+----------------+
; COMPILER_SIGNATURE_ID    ; 181124900457297.170429613004200 ; --              ; --          ; --             ;
; EDA_OUTPUT_DATA_FORMAT   ; Verilog Hdl                     ; --              ; --          ; eda_simulation ;
; EDA_SIMULATION_TOOL      ; ModelSim-Altera (Verilog)       ; <None>          ; --          ; --             ;
; FITTER_EFFORT            ; Standard Fit                    ; Auto Fit        ; --          ; --             ;
; OPTIMIZE_HOLD_TIMING     ; Off                             ; --              ; --          ; --             ;
; PROJECT_OUTPUT_DIRECTORY ; output_files                    ; --              ; --          ; --             ;
; TOP_LEVEL_ENTITY         ; porta_glue_coleco               ; portable_coleco ; --          ; --             ;
+--------------------------+---------------------------------+-----------------+-------------+----------------+


+-------------------------------------------------------------------------------------------------------------------------------+
; Flow Elapsed Time                                                                                                             ;
+---------------------------+--------------+-------------------------+---------------------+------------------------------------+
; Module Name               ; Elapsed Time ; Average Processors Used ; Peak Virtual Memory ; Total CPU Time (on all processors) ;
+---------------------------+--------------+-------------------------+---------------------+------------------------------------+
; Analysis & Synthesis      ; 00:00:01     ; 1.0                     ; 568 MB              ; 00:00:00                           ;
; Fitter                    ; 00:00:00     ; 1.0                     ; 448 MB              ; 00:00:00                           ;
; Assembler                 ; 00:00:00     ; 1.0                     ; 494 MB              ; 00:00:00                           ;
; TimeQuest Timing Analyzer ; 00:00:00     ; 1.0                     ; 477 MB              ; 00:00:00                           ;
; EDA Netlist Writer        ; 00:00:00     ; 1.0                     ; 752 MB              ; 00:00:00                           ;
; Total                     ; 00:00:01     ; --                      ; --                  ; 00:00:00                           ;
+---------------------------+--------------+-------------------------+---------------------+------------------------------------+


+---------------------------------------------------------------------------------------------+
; Flow OS Summary                                                                             ;
+---------------------------+------------------+----------------+------------+----------------+
; Module Name               ; Machine Hostname ; OS Name        ; OS Version ; Processor type ;
+---------------------------+------------------+----------------+------------+----------------+
; Analysis & Synthesis      ; sulaco           ; Ubuntu 22.04.3 ; 22         ; x86_64         ;
; Fitter                    ; sulaco           ; Ubuntu 22.04.3 ; 22         ; x86_64         ;
; Assembler                 ; sulaco           ; Ubuntu 22.04.3 ; 22         ; x86_64         ;
; TimeQuest Timing Analyzer ; sulaco           ; Ubuntu 22.04.3 ; 22         ; x86_64         ;
; EDA Netlist Writer        ; sulaco           ; Ubuntu 22.04.3 ; 22         ; x86_64         ;
+---------------------------+------------------+----------------+------------+----------------+


------------
; Flow Log ;
------------
quartus_map --read_settings_files=on --write_settings_files=off portable_coleco -c portable_coleco
quartus_fit --read_settings_files=off --write_settings_files=off portable_coleco -c portable_coleco
quartus_asm --read_settings_files=off --write_settings_files=off portable_coleco -c portable_coleco
quartus_sta portable_coleco -c portable_coleco
quartus_eda --read_settings_files=off --write_settings_files=off portable_coleco -c portable_coleco



